Watching for file changes with StatReloader
Watching for file changes with StatReloader
Not Found: /
"GET / HTTP/1.1" 404 2314
Not Found: /apple-touch-icon-precomposed.png
"GET /apple-touch-icon-precomposed.png HTTP/1.1" 404 2428
Not Found: /apple-touch-icon.png
Not Found: /favicon.ico
"GET /apple-touch-icon.png HTTP/1.1" 404 2392
"GET /favicon.ico HTTP/1.1" 404 2365
"GET /admin/ HTTP/1.1" 302 0
"GET /admin/login/?next=/admin/ HTTP/1.1" 200 4177
"GET /static/admin/js/theme.js HTTP/1.1" 200 1653
"GET /static/admin/css/nav_sidebar.css HTTP/1.1" 200 2810
"GET /static/admin/css/base.css HTTP/1.1" 200 22120
"GET /static/admin/css/dark_mode.css HTTP/1.1" 200 2808
"GET /static/admin/js/nav_sidebar.js HTTP/1.1" 200 3063
"GET /static/admin/css/responsive.css HTTP/1.1" 200 16565
Not Found: /admin.
"GET /admin. HTTP/1.1" 404 2350
"GET /admin/ HTTP/1.1" 302 0
"GET /admin/login/?next=/admin/ HTTP/1.1" 200 4177
"POST /admin/login/?next=/admin/ HTTP/1.1" 200 4345
"POST /admin/login/?next=/admin/ HTTP/1.1" 200 4345
Watching for file changes with StatReloader
"POST /admin/login/?next=/admin/ HTTP/1.1" 302 0
"GET /admin/ HTTP/1.1" 200 7133
"GET /static/admin/img/icon-addlink.svg HTTP/1.1" 200 331
"GET /static/admin/img/icon-changelink.svg HTTP/1.1" 200 380
"GET /admin/notes/note/add/ HTTP/1.1" 200 11777
"GET /static/admin/js/jquery.init.js HTTP/1.1" 200 347
"GET /static/admin/css/forms.css HTTP/1.1" 200 8525
"GET /static/admin/js/actions.js HTTP/1.1" 200 8076
"GET /static/admin/js/urlify.js HTTP/1.1" 200 7887
"GET /static/admin/js/prepopulate.js HTTP/1.1" 200 1531
"GET /static/admin/css/widgets.css HTTP/1.1" 200 11991
"GET /static/admin/js/vendor/jquery/jquery.js HTTP/1.1" 200 285314
"GET /static/admin/js/vendor/xregexp/xregexp.js HTTP/1.1" 200 325171
"GET /admin/jsi18n/ HTTP/1.1" 200 3342
"POST /admin/notes/note/add/ HTTP/1.1" 302 0
"GET /admin/notes/note/ HTTP/1.1" 200 12855
"GET /static/admin/css/changelists.css HTTP/1.1" 200 6878
"GET /static/admin/js/filters.js HTTP/1.1" 200 978
"GET /static/admin/img/search.svg HTTP/1.1" 200 458
"GET /admin/jsi18n/ HTTP/1.1" 200 3342
"GET /static/admin/img/icon-yes.svg HTTP/1.1" 200 436
"GET /static/admin/img/tooltag-add.svg HTTP/1.1" 200 331
"GET /static/admin/img/sorting-icons.svg HTTP/1.1" 200 1097
"GET /admin/notes/note/1/change/ HTTP/1.1" 200 12100
"GET /admin/jsi18n/ HTTP/1.1" 200 3342
/Users/macbook/PycharmProjects/testapps/drf/notes_project/apps/notes/urls.py changed, reloading.
Watching for file changes with StatReloader
/Users/macbook/PycharmProjects/testapps/drf/notes_project/apps/notes/urls.py changed, reloading.
Watching for file changes with StatReloader
/Users/macbook/PycharmProjects/testapps/drf/notes_project/apps/notes/urls.py changed, reloading.
Watching for file changes with StatReloader
/Users/macbook/PycharmProjects/testapps/drf/notes_project/apps/notes/urls.py changed, reloading.
Watching for file changes with StatReloader
/Users/macbook/PycharmProjects/testapps/drf/notes_project/apps/notes/urls.py changed, reloading.
Watching for file changes with StatReloader
Watching for file changes with StatReloader
"GET /api/v1/notes/ HTTP/1.1" 200 173
"GET /api/v1/notes/ HTTP/1.1" 200 173
"POST /api/v1/notes/ HTTP/1.1" 201 152
Not Found: /notes/
"GET /notes/ HTTP/1.1" 404 2350
Not Found: /notes/
"GET /notes/ HTTP/1.1" 404 2350
"GET /api/v1/notes/1 HTTP/1.1" 301 0
"GET /api/v1/notes/1/ HTTP/1.1" 200 171
